  Cube.cpp
C:\Users\Ryan Moakes\Documents\GitHub\HelloGL\HelloGL\Structures.h(35,41): warning C4244: 'initializing': conversion from 'int' to 'GLfloat', possible loss of data
  (compiling source file 'Cube.cpp')
  
C:\Users\Ryan Moakes\Documents\GitHub\HelloGL\HelloGL\Structures.h(35,27): warning C4244: 'initializing': conversion from 'int' to 'const GLfloat', possible loss of data
  (compiling source file 'Cube.cpp')
  
  GLUTCallbacks.cpp
C:\Users\Ryan Moakes\Documents\GitHub\HelloGL\HelloGL\Structures.h(35,41): warning C4244: 'initializing': conversion from 'int' to 'GLfloat', possible loss of data
  (compiling source file 'GLUTCallbacks.cpp')
  
C:\Users\Ryan Moakes\Documents\GitHub\HelloGL\HelloGL\Structures.h(35,27): warning C4244: 'initializing': conversion from 'int' to 'const GLfloat', possible loss of data
  (compiling source file 'GLUTCallbacks.cpp')
  
C:\Users\Ryan Moakes\Documents\GitHub\HelloGL\HelloGL\HelloGL.h(8,10): warning C4067: unexpected tokens following preprocessor directive - expected a newline
  (compiling source file 'GLUTCallbacks.cpp')
  
C:\Users\Ryan Moakes\Documents\GitHub\HelloGL\HelloGL\HelloGL.h(60,8): warning C4200: nonstandard extension used: zero-sized array in struct/union
  (compiling source file 'GLUTCallbacks.cpp')
  C:\Users\Ryan Moakes\Documents\GitHub\HelloGL\HelloGL\HelloGL.h(60,8):
  This member will be ignored by a defaulted constructor or copy/move assignment operator
  
  HelloGL.cpp
C:\Users\Ryan Moakes\Documents\GitHub\HelloGL\HelloGL\Structures.h(35,41): warning C4244: 'initializing': conversion from 'int' to 'GLfloat', possible loss of data
  (compiling source file 'HelloGL.cpp')
  
C:\Users\Ryan Moakes\Documents\GitHub\HelloGL\HelloGL\Structures.h(35,27): warning C4244: 'initializing': conversion from 'int' to 'const GLfloat', possible loss of data
  (compiling source file 'HelloGL.cpp')
  
C:\Users\Ryan Moakes\Documents\GitHub\HelloGL\HelloGL\HelloGL.h(8,10): warning C4067: unexpected tokens following preprocessor directive - expected a newline
  (compiling source file 'HelloGL.cpp')
  
C:\Users\Ryan Moakes\Documents\GitHub\HelloGL\HelloGL\HelloGL.h(60,8): warning C4200: nonstandard extension used: zero-sized array in struct/union
  (compiling source file 'HelloGL.cpp')
  C:\Users\Ryan Moakes\Documents\GitHub\HelloGL\HelloGL\HelloGL.h(60,8):
  This member will be ignored by a defaulted constructor or copy/move assignment operator
  
C:\Users\Ryan Moakes\Documents\GitHub\HelloGL\HelloGL\Texture2D.h(6,10): warning C4067: unexpected tokens following preprocessor directive - expected a newline
  (compiling source file 'HelloGL.cpp')
  
C:\Users\Ryan Moakes\Documents\GitHub\HelloGL\HelloGL\HelloGL.cpp(84,24): warning C4244: 'argument': conversion from 'int' to 'float', possible loss of data
  main.cpp
C:\Users\Ryan Moakes\Documents\GitHub\HelloGL\HelloGL\Structures.h(35,41): warning C4244: 'initializing': conversion from 'int' to 'GLfloat', possible loss of data
  (compiling source file 'main.cpp')
  
C:\Users\Ryan Moakes\Documents\GitHub\HelloGL\HelloGL\Structures.h(35,27): warning C4244: 'initializing': conversion from 'int' to 'const GLfloat', possible loss of data
  (compiling source file 'main.cpp')
  
C:\Users\Ryan Moakes\Documents\GitHub\HelloGL\HelloGL\HelloGL.h(8,10): warning C4067: unexpected tokens following preprocessor directive - expected a newline
  (compiling source file 'main.cpp')
  
C:\Users\Ryan Moakes\Documents\GitHub\HelloGL\HelloGL\HelloGL.h(60,8): warning C4200: nonstandard extension used: zero-sized array in struct/union
  (compiling source file 'main.cpp')
  C:\Users\Ryan Moakes\Documents\GitHub\HelloGL\HelloGL\HelloGL.h(60,8):
  This member will be ignored by a defaulted constructor or copy/move assignment operator
  
  Texture2D.cpp
C:\Users\Ryan Moakes\Documents\GitHub\HelloGL\HelloGL\Texture2D.cpp(5,10): warning C4067: unexpected tokens following preprocessor directive - expected a newline
C:\Users\Ryan Moakes\Documents\GitHub\HelloGL\HelloGL\Structures.h(35,41): warning C4244: 'initializing': conversion from 'int' to 'GLfloat', possible loss of data
  (compiling source file 'Texture2D.cpp')
  
C:\Users\Ryan Moakes\Documents\GitHub\HelloGL\HelloGL\Structures.h(35,27): warning C4244: 'initializing': conversion from 'int' to 'const GLfloat', possible loss of data
  (compiling source file 'Texture2D.cpp')
  
C:\Users\Ryan Moakes\Documents\GitHub\HelloGL\HelloGL\HelloGL.h(8,10): warning C4067: unexpected tokens following preprocessor directive - expected a newline
  (compiling source file 'Texture2D.cpp')
  
C:\Users\Ryan Moakes\Documents\GitHub\HelloGL\HelloGL\HelloGL.h(60,8): warning C4200: nonstandard extension used: zero-sized array in struct/union
  (compiling source file 'Texture2D.cpp')
  C:\Users\Ryan Moakes\Documents\GitHub\HelloGL\HelloGL\HelloGL.h(60,8):
  This member will be ignored by a defaulted constructor or copy/move assignment operator
  
C:\Users\Ryan Moakes\Documents\GitHub\HelloGL\HelloGL\Texture2D.h(6,10): warning C4067: unexpected tokens following preprocessor directive - expected a newline
  (compiling source file 'Texture2D.cpp')
  
C:\Users\Ryan Moakes\Documents\GitHub\HelloGL\HelloGL\Texture2D.cpp(36,35): warning C4244: 'initializing': conversion from 'std::streamoff' to 'int', possible loss of data
C:\Users\Ryan Moakes\Documents\GitHub\HelloGL\HelloGL\Texture2D.cpp(36,21): warning C4244: 'initializing': conversion from 'std::streamoff' to 'const int', possible loss of data
  Generating code
  Previous IPDB not found, fall back to full compilation.
  All 181 functions were compiled because no usable IPDB/IOBJ from previous compilation was found.
  Finished generating code
  HelloGL.vcxproj -> C:\Users\Ryan Moakes\Documents\GitHub\HelloGL\Release\HelloGL.exe
